<?xml version="1.0" encoding="UTF-8"?>
<!-- Generated by org.testng.reporters.JUnitXMLReporter -->
<testsuite ignored="0" hostname="LAPTOP-L2V0IT8U" failures="0" tests="3" name="Test_Parallel2" time="11.97" errors="0" timestamp="2023-01-13T15:02:14 IST">
  <testcase classname="parallelTesting.Parallel_Testing_Class1" name="enterPassword" time="0.61"/>
  <testcase classname="parallelTesting.Parallel_Testing_Class1" name="enterUserName" time="0.125"/>
  <testcase classname="parallelTesting.Parallel_Testing_Class1" name="loginButton" time="0.055"/>
</testsuite> <!-- Test_Parallel2 -->
