<?xml version="1.0" encoding="UTF-8"?>
<!-- Generated by org.testng.reporters.JUnitXMLReporter -->
<testsuite ignored="5" hostname="LAPTOP-L2V0IT8U" failures="0" tests="4" name="PTest1" time="0.044" errors="0" timestamp="2022-12-26T14:26:59 IST">
  <testcase classname="groups_TestNG.PClass1" name="CheckBoxClick" time="0.007"/>
  <testcase classname="groups_TestNG.PClass1" name="login" time="0.001"/>
  <testcase classname="groups_TestNG.PClass2" name="M1" time="0.001"/>
  <testcase classname="groups_TestNG.PClass2" name="M4" time="0.002"/>
  <testcase classname="groups_TestNG.PClass2" name="M5" time="0.0">
    <ignored/>
  </testcase> <!-- M5 -->
  <testcase classname="groups_TestNG.PClass1" name="getTitle" time="0.0">
    <ignored/>
  </testcase> <!-- getTitle -->
  <testcase classname="groups_TestNG.PClass2" name="M3" time="0.0">
    <ignored/>
  </testcase> <!-- M3 -->
  <testcase classname="groups_TestNG.PClass1" name="logout" time="0.0">
    <ignored/>
  </testcase> <!-- logout -->
  <testcase classname="groups_TestNG.PClass2" name="M2" time="0.0">
    <ignored/>
  </testcase> <!-- M2 -->
</testsuite> <!-- PTest1 -->
