<?xml version="1.0" encoding="UTF-8"?>
<!-- Generated by org.testng.reporters.JUnitXMLReporter -->
<testsuite ignored="0" hostname="LAPTOP-L2V0IT8U" failures="0" tests="5" name="STB_TESTING" time="0.045" errors="0" timestamp="2022-12-22T11:31:56 IST">
  <testcase classname="testNG.TestClass3" name="M3" time="0.007"/>
  <testcase classname="testNG.TestNGClass2" name="M2" time="0.0"/>
  <testcase classname="testNG.TestNGClass1" name="f" time="0.001"/>
  <testcase classname="TestNG_Program.TestNG_1st" name="M2" time="0.001"/>
  <testcase classname="TestNG_Program.TestNG_1st" name="f" time="0.001"/>
</testsuite> <!-- STB_TESTING -->
