<?xml version="1.0" encoding="UTF-8"?>
<!-- Generated by org.testng.reporters.JUnitXMLReporter -->
<testsuite ignored="0" hostname="LAPTOP-L2V0IT8U" failures="0" tests="10" name="MUTGRPTEST" time="0.065" errors="0" timestamp="2023-01-11T14:52:45 IST">
  <testcase classname="groups.GrpClass1" name="M1" time="0.008"/>
  <testcase classname="groups.GrpClass1" name="M2" time="0.001"/>
  <testcase classname="groups.GrpClass1" name="M3" time="0.001"/>
  <testcase classname="groups.GrpClass1" name="M4" time="0.002"/>
  <testcase classname="groups.GrpClass1" name="M5" time="0.002"/>
  <testcase classname="groups.GrpClass2" name="A" time="0.001"/>
  <testcase classname="groups.GrpClass2" name="N1" time="0.001"/>
  <testcase classname="groups.GrpClass2" name="N2" time="0.002"/>
  <testcase classname="groups.GrpClass2" name="N3" time="0.001"/>
  <testcase classname="groups.GrpClass2" name="N5" time="0.002"/>
</testsuite> <!-- MUTGRPTEST -->
