<?xml version="1.0" encoding="UTF-8"?>
<testng-results ignored="0" total="6" passed="6" failed="0" skipped="0">
  <reporter-output>
  </reporter-output>
  <suite started-at="2023-01-13T15:01:47 IST" name="Suite_Parallel" finished-at="2023-01-13T15:02:14 IST" duration-ms="26547">
    <groups>
    </groups>
    <test started-at="2023-01-13T15:01:47 IST" name="Test_Parallel" finished-at="2023-01-13T15:02:02 IST" duration-ms="14561">
      <class name="parallelTesting.Parallel_Testing_Class1">
        <test-method is-config="true" signature="init(java.lang.String)[pri:0, instance:parallelTesting.Parallel_Testing_Class1@158d2680]" started-at="2023-01-13T15:01:47 IST" name="init" finished-at="2023-01-13T15:01:56 IST" duration-ms="8661" status="PASS">
          <params>
            <param index="0">
              <value>
                <![CDATA[edge]]>
              </value>
            </param>
          </params>
          <reporter-output>
          </reporter-output>
        </test-method> <!-- init -->
        <test-method signature="enterPassword()[pri:0, instance:parallelTesting.Parallel_Testing_Class1@158d2680]" started-at="2023-01-13T15:01:56 IST" name="enterPassword" finished-at="2023-01-13T15:01:57 IST" duration-ms="685" status="PASS">
          <reporter-output>
          </reporter-output>
        </test-method> <!-- enterPassword -->
        <test-method signature="enterUserName()[pri:0, instance:parallelTesting.Parallel_Testing_Class1@158d2680]" started-at="2023-01-13T15:01:57 IST" name="enterUserName" finished-at="2023-01-13T15:01:57 IST" duration-ms="122" status="PASS">
          <reporter-output>
          </reporter-output>
        </test-method> <!-- enterUserName -->
        <test-method signature="loginButton()[pri:0, instance:parallelTesting.Parallel_Testing_Class1@158d2680]" started-at="2023-01-13T15:01:57 IST" name="loginButton" finished-at="2023-01-13T15:01:57 IST" duration-ms="48" status="PASS">
          <reporter-output>
          </reporter-output>
        </test-method> <!-- loginButton -->
        <test-method is-config="true" signature="tearDown()[pri:0, instance:parallelTesting.Parallel_Testing_Class1@158d2680]" started-at="2023-01-13T15:01:57 IST" name="tearDown" finished-at="2023-01-13T15:02:02 IST" duration-ms="5004" status="PASS">
          <reporter-output>
          </reporter-output>
        </test-method> <!-- tearDown -->
      </class> <!-- parallelTesting.Parallel_Testing_Class1 -->
    </test> <!-- Test_Parallel -->
    <test started-at="2023-01-13T15:02:02 IST" name="Test_Parallel2" finished-at="2023-01-13T15:02:14 IST" duration-ms="11970">
      <class name="parallelTesting.Parallel_Testing_Class1">
        <test-method is-config="true" signature="init(java.lang.String)[pri:0, instance:parallelTesting.Parallel_Testing_Class1@47eaca72]" started-at="2023-01-13T15:02:02 IST" name="init" finished-at="2023-01-13T15:02:08 IST" duration-ms="6162" status="PASS">
          <params>
            <param index="0">
              <value>
                <![CDATA[Chrome]]>
              </value>
            </param>
          </params>
          <reporter-output>
          </reporter-output>
        </test-method> <!-- init -->
        <test-method signature="enterPassword()[pri:0, instance:parallelTesting.Parallel_Testing_Class1@47eaca72]" started-at="2023-01-13T15:02:08 IST" name="enterPassword" finished-at="2023-01-13T15:02:09 IST" duration-ms="610" status="PASS">
          <reporter-output>
          </reporter-output>
        </test-method> <!-- enterPassword -->
        <test-method signature="enterUserName()[pri:0, instance:parallelTesting.Parallel_Testing_Class1@47eaca72]" started-at="2023-01-13T15:02:09 IST" name="enterUserName" finished-at="2023-01-13T15:02:09 IST" duration-ms="125" status="PASS">
          <reporter-output>
          </reporter-output>
        </test-method> <!-- enterUserName -->
        <test-method signature="loginButton()[pri:0, instance:parallelTesting.Parallel_Testing_Class1@47eaca72]" started-at="2023-01-13T15:02:09 IST" name="loginButton" finished-at="2023-01-13T15:02:09 IST" duration-ms="55" status="PASS">
          <reporter-output>
          </reporter-output>
        </test-method> <!-- loginButton -->
        <test-method is-config="true" signature="tearDown()[pri:0, instance:parallelTesting.Parallel_Testing_Class1@47eaca72]" started-at="2023-01-13T15:02:09 IST" name="tearDown" finished-at="2023-01-13T15:02:14 IST" duration-ms="5011" status="PASS">
          <reporter-output>
          </reporter-output>
        </test-method> <!-- tearDown -->
      </class> <!-- parallelTesting.Parallel_Testing_Class1 -->
    </test> <!-- Test_Parallel2 -->
  </suite> <!-- Suite_Parallel -->
</testng-results>
