<?xml version="1.0" encoding="UTF-8"?>
<!-- Generated by org.testng.reporters.JUnitXMLReporter -->
<testsuite ignored="0" hostname="LAPTOP-L2V0IT8U" failures="1" tests="1" name="TestPara1" time="9.569" errors="0" timestamp="2023-01-03T17:06:54 IST">
  <testcase classname="Topics_Wise.Parameterization_Class" name="enterCread" time="0.0">
    <failure type="org.testng.TestNGException" message="
Cannot inject @Test annotated Method [enterCread] with [class java.lang.String].
For more information on native dependency injection please refer to https://testng.org/doc/documentation-main.html#native-dependency-injection">
      <![CDATA[org.testng.TestNGException: 
Cannot inject @Test annotated Method [enterCread] with [class java.lang.String].
For more information on native dependency injection please refer to https://testng.org/doc/documentation-main.html#native-dependency-injection
at java.base/java.util.ArrayList.forEach(ArrayList.java:1511)
... Removed 26 stack frames]]>
    </failure>
  </testcase> <!-- enterCread -->
</testsuite> <!-- TestPara1 -->
